<?xml version="1.0" encoding="UTF-8"?>
<!-- Generated by org.testng.reporters.JUnitXMLReporter -->
<testsuite ignored="4" hostname="DESKTOP-QA7IFKP" failures="0" tests="3" name="screenshot" time="0.136" errors="0" timestamp="2022-08-18T17:55:24 IST">
  <testcase classname="com.DearDoctor.genericuyility.BaseClass" name="@BeforeClass configBC" time="-1.660825524413E9">
    <failure type="org.testng.TestNGException" message="
Parameter &amp;apos;BROWSER&amp;apos; is required by BeforeClass on method configBC but has not been marked @Optional or defined
in E:\Space\DearDoctorss\screenshot.xml">
      <![CDATA[org.testng.TestNGException: 
Parameter 'BROWSER' is required by BeforeClass on method configBC but has not been marked @Optional or defined
in E:\Space\DearDoctorss\screenshot.xml
at java.base/java.util.ArrayList.forEach(ArrayList.java:1511)
at java.base/java.util.concurrent.FutureTask.run(FutureTask.java:264)
at java.base/java.util.concurrent.ThreadPoolExecutor.runWorker(ThreadPoolExecutor.java:1130)
at java.base/java.util.concurrent.ThreadPoolExecutor$Worker.run(ThreadPoolExecutor.java:630)
at java.base/java.lang.Thread.run(Thread.java:831)
... Removed 13 stack frames]]>
    </failure>
  </testcase> <!-- @BeforeClass configBC -->
  <testcase classname="com.DearDoctor.genericuyility.BaseClass" name="@AfterClass configAC" time="-1.660825524465E9">
    <skipped/>
  </testcase> <!-- @AfterClass configAC -->
  <testcase classname="com.DearDoctor.genericuyility.BaseClass" name="@BeforeClass configBC" time="-1.660825524475E9">
    <failure type="org.testng.TestNGException" message="
Parameter &amp;apos;BROWSER&amp;apos; is required by BeforeClass on method configBC but has not been marked @Optional or defined
in E:\Space\DearDoctorss\screenshot.xml">
      <![CDATA[org.testng.TestNGException: 
Parameter 'BROWSER' is required by BeforeClass on method configBC but has not been marked @Optional or defined
in E:\Space\DearDoctorss\screenshot.xml
at java.base/java.util.ArrayList.forEach(ArrayList.java:1511)
at java.base/java.util.concurrent.FutureTask.run(FutureTask.java:264)
at java.base/java.util.concurrent.ThreadPoolExecutor.runWorker(ThreadPoolExecutor.java:1130)
at java.base/java.util.concurrent.ThreadPoolExecutor$Worker.run(ThreadPoolExecutor.java:630)
at java.base/java.lang.Thread.run(Thread.java:831)
... Removed 13 stack frames]]>
    </failure>
  </testcase> <!-- @BeforeClass configBC -->
  <testcase classname="com.DearDoctor.genericuyility.BaseClass" name="@AfterClass configAC" time="-1.660825524491E9">
    <skipped/>
  </testcase> <!-- @AfterClass configAC -->
  <testcase classname="com.DearDoctor.genericuyility.BaseClass" name="@BeforeClass configBC" time="-1.660825524494E9">
    <failure type="org.testng.TestNGException" message="
Parameter &amp;apos;BROWSER&amp;apos; is required by BeforeClass on method configBC but has not been marked @Optional or defined
in E:\Space\DearDoctorss\screenshot.xml">
      <![CDATA[org.testng.TestNGException: 
Parameter 'BROWSER' is required by BeforeClass on method configBC but has not been marked @Optional or defined
in E:\Space\DearDoctorss\screenshot.xml
at java.base/java.util.ArrayList.forEach(ArrayList.java:1511)
at java.base/java.util.concurrent.FutureTask.run(FutureTask.java:264)
at java.base/java.util.concurrent.ThreadPoolExecutor.runWorker(ThreadPoolExecutor.java:1130)
at java.base/java.util.concurrent.ThreadPoolExecutor$Worker.run(ThreadPoolExecutor.java:630)
at java.base/java.lang.Thread.run(Thread.java:831)
... Removed 13 stack frames]]>
    </failure>
  </testcase> <!-- @BeforeClass configBC -->
  <testcase classname="com.DearDoctor.genericuyility.BaseClass" name="@AfterClass configAC" time="-1.660825524514E9">
    <skipped/>
  </testcase> <!-- @AfterClass configAC -->
  <testcase classname="com.TestNG.Base.DeletedDoctorDetails" name="Verify_deleted_doctor_details" time="0.0">
    <skipped/>
  </testcase> <!-- Verify_deleted_doctor_details -->
  <testcase classname="com.TestNG.Base.EditDoctorName" name="edit_Doctor_Name" time="0.0">
    <skipped/>
  </testcase> <!-- edit_Doctor_Name -->
  <testcase classname="com.TestNG.Base.AddedDoctorDetails" name="check_added_doctor_details" time="0.0">
    <skipped/>
  </testcase> <!-- check_added_doctor_details -->
  <testcase classname="com.DearDoctor.genericuyility.BaseClass" name="@AfterSuite configAS" time="0.0">
    <ignored/>
  </testcase> <!-- @AfterSuite configAS -->
  <testcase classname="com.DearDoctor.genericuyility.BaseClass" name="@AfterSuite configAS" time="0.0">
    <ignored/>
  </testcase> <!-- @AfterSuite configAS -->
  <testcase classname="com.DearDoctor.genericuyility.BaseClass" name="@BeforeSuite configBS" time="0.0">
    <ignored/>
  </testcase> <!-- @BeforeSuite configBS -->
  <testcase classname="com.DearDoctor.genericuyility.BaseClass" name="@BeforeSuite configBS" time="0.0">
    <ignored/>
  </testcase> <!-- @BeforeSuite configBS -->
</testsuite> <!-- screenshot -->
